16:58:02.041 [main] DEBUG i.g.o.j_voting.Alternative - Alternative Factory
16:58:02.043 [main] DEBUG i.g.o.j_voting.Alternative - Alternative constructor
16:58:02.043 [main] DEBUG i.g.o.j_voting.Alternative - Alternative Factory
16:58:02.043 [main] DEBUG i.g.o.j_voting.Alternative - Alternative constructor
16:58:02.043 [main] DEBUG i.g.o.j_voting.Alternative - Alternative Factory
16:58:02.043 [main] DEBUG i.g.o.j_voting.Alternative - Alternative constructor
16:58:02.043 [main] DEBUG i.g.o.j_voting.Alternative - Alternative Factory
16:58:02.043 [main] DEBUG i.g.o.j_voting.Alternative - Alternative constructor
16:58:02.046 [main] DEBUG i.g.o.j_voting.Alternative - Alternative Factory
16:58:02.046 [main] DEBUG i.g.o.j_voting.Alternative - Alternative constructor
16:58:02.046 [main] DEBUG i.g.o.j_voting.Alternative - Alternative Factory
16:58:02.046 [main] DEBUG i.g.o.j_voting.Alternative - Alternative constructor
16:58:02.062 [main] DEBUG i.g.o.j.p.MutablePreference - MutablePreferenceImpl given
16:58:02.082 [main] DEBUG i.g.o.j.p.MutablePreference - MutablePreferenceImpl given
16:58:02.083 [main] DEBUG i.g.o.j.p.MutablePreference - MutablePreferenceImpl getAlternatives
16:58:02.083 [main] DEBUG i.g.o.j.p.MutablePreference - MutablePreferenceImpl getAlternatives
16:58:02.084 [main] DEBUG i.g.o.j.p.MutablePreference - MutablePreferenceImpl putEdge
16:58:02.084 [main] DEBUG i.g.o.j.p.MutablePreference - MutablePreferenceImpl getAlternatives
16:58:02.084 [main] DEBUG i.g.o.j.p.MutablePreference - MutablePreferenceImpl getAlternatives
16:58:02.084 [main] DEBUG i.g.o.j.p.MutablePreference - MutablePreferenceImpl getAlternatives
16:58:02.086 [main] DEBUG i.g.o.j.p.MutablePreference - MutablePreferenceImpl getAlternatives
16:58:02.086 [main] DEBUG i.g.o.j.p.MutablePreference - MutablePreferenceImpl putEdge
16:58:02.086 [main] DEBUG i.g.o.j.p.MutablePreference - MutablePreferenceImpl getAlternatives
16:58:02.087 [main] DEBUG i.g.o.j.p.MutablePreference - MutablePreferenceImpl getAlternatives
16:58:02.087 [main] DEBUG i.g.o.j.p.MutablePreference - MutablePreferenceImpl putEdge
16:58:02.087 [main] DEBUG i.g.o.j.p.MutablePreference - MutablePreferenceImpl getAlternatives
16:58:02.087 [main] DEBUG i.g.o.j.p.MutablePreference - MutablePreferenceImpl getAlternatives
16:58:02.087 [main] DEBUG i.g.o.j.p.MutablePreference - MutablePreferenceImpl getAlternatives
16:58:02.088 [main] DEBUG i.g.o.j.p.MutablePreference - MutablePreferenceImpl given
16:58:02.090 [main] DEBUG i.g.o.j.p.MutablePreference - MutablePreferenceImpl given
16:58:02.090 [main] DEBUG i.g.o.j.p.MutablePreference - MutablePreferenceImpl addAlternative
16:58:02.092 [main] DEBUG i.g.o.j.p.MutablePreference - MutablePreferenceImpl given
16:58:02.092 [main] DEBUG i.g.o.j.p.MutablePreference - MutablePreferenceImpl getAlternatives
16:58:02.092 [main] DEBUG i.g.o.j.p.MutablePreference - MutablePreferenceImpl addEquivalence
16:58:02.092 [main] DEBUG i.g.o.j.p.MutablePreference - MutablePreferenceImpl getAlternatives
16:58:02.092 [main] DEBUG i.g.o.j.p.MutablePreference - MutablePreferenceImpl getAlternatives
16:58:02.092 [main] DEBUG i.g.o.j.p.MutablePreference - MutablePreferenceImpl getAlternatives
16:58:02.092 [main] DEBUG i.g.o.j.p.MutablePreference - MutablePreferenceImpl getAlternatives
16:58:02.093 [main] DEBUG i.g.o.j.p.MutablePreference - MutablePreferenceImpl getAlternatives
16:58:02.093 [main] DEBUG i.g.o.j.p.MutablePreference - MutablePreferenceImpl getAlternatives
16:58:02.093 [main] DEBUG i.g.o.j.p.MutablePreference - MutablePreferenceImpl addEquivalence
16:58:02.093 [main] DEBUG i.g.o.j.p.MutablePreference - MutablePreferenceImpl getAlternatives
16:58:02.093 [main] DEBUG i.g.o.j.p.MutablePreference - MutablePreferenceImpl getAlternatives
16:58:02.093 [main] DEBUG i.g.o.j.p.MutablePreference - MutablePreferenceImpl getAlternatives
16:58:02.093 [main] DEBUG i.g.o.j.p.MutablePreference - MutablePreferenceImpl getAlternatives
16:58:02.095 [main] DEBUG i.g.o.j.p.MutablePreference - MutablePreferenceImpl given
16:58:02.095 [main] DEBUG i.g.o.j.p.MutablePreference - MutablePreferenceImpl getAlternatives
16:58:02.098 [main] DEBUG i.g.o.j.p.MutablePreference - MutablePreferenceImpl given with voter
16:58:02.099 [main] DEBUG i.g.o.j.p.MutablePreference - MutablePreferenceImpl given
